d:\work akram\sec semester\c++\main project\cs-jana\cs-jana\x64\debug\vc143.pdb
d:\work akram\sec semester\c++\main project\cs-jana\cs-jana\x64\debug\.netframework,version=v4.7.2.assemblyattributes.obj
d:\work akram\sec semester\c++\main project\cs-jana\cs-jana\x64\debug\myform.obj
d:\work akram\sec semester\c++\main project\cs-jana\cs-jana\x64\debug\cs.exe
d:\work akram\sec semester\c++\main project\cs-jana\cs-jana\x64\debug\cs.pdb
d:\desktop\cs-akram\x64\debug\cs.vcxproj.assemblyreference.cache
d:\desktop\cs-akram\x64\debug\cs.vcxproj.generateresource.cache
d:\desktop\cs-akram\x64\debug\cs.vcxproj.suggestedbindingredirects.cache
d:\desktop\cs-akram\x64\debug\.netframework,version=v4.7.2.assemblyattributes.obj
d:\desktop\cs-akram\x64\debug\myform.obj
d:\desktop\cs-akram\x64\debug\cs.myform.resources
d:\desktop\cs-akram\x64\debug\cs.pdb
d:\desktop\cs-akram\x64\debug\vc143.pdb
d:\desktop\cs-akram\x64\debug\cs.exe.metagen
d:\desktop\cs-akram\x64\debug\cs.exe
d:\desktop\cs-akram\x64\debug\cs.tlog\cl.command.1.tlog
d:\desktop\cs-akram\x64\debug\cs.tlog\cl.items.tlog
d:\desktop\cs-akram\x64\debug\cs.tlog\cl.read.1.tlog
d:\desktop\cs-akram\x64\debug\cs.tlog\cl.write.1.tlog
d:\desktop\cs-akram\x64\debug\cs.tlog\link.command.1.tlog
d:\desktop\cs-akram\x64\debug\cs.tlog\link.read.1.tlog
d:\desktop\cs-akram\x64\debug\cs.tlog\link.write.1.tlog
d:\desktop\cs-akram\x64\debug\cs.tlog\metagen.read.1.tlog
d:\desktop\cs-akram\x64\debug\cs.tlog\metagen.write.1.tlog
d:\desktop\cs-akram\x64\debug\cs.tlog\resgen.command.1.tlog
d:\desktop\cs-akram\x64\debug\cs.tlog\resgen.read.1.tlog
d:\desktop\cs-akram\x64\debug\cs.tlog\resgen.write.1.tlog
